Fri Apr 01 16:47:56 MSK 2022  [debug] AvalonLogSystem initialized using logfile 'velocity.log'
Fri Apr 01 16:47:56 MSK 2022   [info] ************************************************************** 
Fri Apr 01 16:47:56 MSK 2022   [info] Starting Jakarta Velocity v1.4
Fri Apr 01 16:47:56 MSK 2022   [info] RuntimeInstance initializing.
Fri Apr 01 16:47:56 MSK 2022   [info] Default Properties File: org\apache\velocity\runtime\defaults\velocity.properties
Fri Apr 01 16:47:56 MSK 2022   [info] Trying to use logger class org.apache.velocity.runtime.log.AvalonLogSystem
Fri Apr 01 16:47:56 MSK 2022   [info] Using logger class org.apache.velocity.runtime.log.AvalonLogSystem
Fri Apr 01 16:47:56 MSK 2022   [info] Default ResourceManager initializing. (class org.apache.velocity.runtime.resource.ResourceManagerImpl)
Fri Apr 01 16:47:56 MSK 2022   [info] Resource Loader Instantiated: org.apache.velocity.runtime.resource.loader.ClasspathResourceLoader
Fri Apr 01 16:47:56 MSK 2022   [info] ClasspathResourceLoader : initialization starting.
Fri Apr 01 16:47:56 MSK 2022   [info] ClasspathResourceLoader : initialization complete.
Fri Apr 01 16:47:56 MSK 2022   [info] ResourceCache : initialized. (class org.apache.velocity.runtime.resource.ResourceCacheImpl)
Fri Apr 01 16:47:56 MSK 2022   [info] Default ResourceManager initialization complete.
Fri Apr 01 16:47:56 MSK 2022   [info] Loaded System Directive: org.apache.velocity.runtime.directive.Literal
Fri Apr 01 16:47:56 MSK 2022   [info] Loaded System Directive: org.apache.velocity.runtime.directive.Macro
Fri Apr 01 16:47:56 MSK 2022   [info] Loaded System Directive: org.apache.velocity.runtime.directive.Parse
Fri Apr 01 16:47:56 MSK 2022   [info] Loaded System Directive: org.apache.velocity.runtime.directive.Include
Fri Apr 01 16:47:56 MSK 2022   [info] Loaded System Directive: org.apache.velocity.runtime.directive.Foreach
Fri Apr 01 16:47:56 MSK 2022   [info] Created: 20 parsers.
Fri Apr 01 16:47:56 MSK 2022   [info] Velocimacro : initialization starting.
Fri Apr 01 16:47:56 MSK 2022   [info] Velocimacro : adding VMs from VM library template : VM_global_library.vm
Fri Apr 01 16:47:56 MSK 2022  [error] ResourceManager : unable to find resource 'VM_global_library.vm' in any resource loader.
Fri Apr 01 16:47:56 MSK 2022   [info] Velocimacro : error using  VM library template VM_global_library.vm : org.apache.velocity.exception.ResourceNotFoundException: Unable to find resource 'VM_global_library.vm'
Fri Apr 01 16:47:56 MSK 2022   [info] Velocimacro :  VM library template macro registration complete.
Fri Apr 01 16:47:56 MSK 2022   [info] Velocimacro : allowInline = true : VMs can be defined inline in templates
Fri Apr 01 16:47:56 MSK 2022   [info] Velocimacro : allowInlineToOverride = false : VMs defined inline may NOT replace previous VM definitions
Fri Apr 01 16:47:56 MSK 2022   [info] Velocimacro : allowInlineLocal = false : VMs defined inline will be  global in scope if allowed.
Fri Apr 01 16:47:56 MSK 2022   [info] Velocimacro : messages on  : VM system will output logging messages
Fri Apr 01 16:47:56 MSK 2022   [info] Velocimacro : autoload off  : VM system will not automatically reload global library macros
Fri Apr 01 16:47:56 MSK 2022   [info] Velocimacro : initialization complete.
Fri Apr 01 16:47:56 MSK 2022   [info] Velocity successfully started.
